<?xml version="1.0" encoding="UTF-8"?>
<!-- Generated by org.testng.reporters.JUnitReportReporter -->
<testsuite skipped="0" hostname="LAPTOP-NV1H2CAM" name="basicAnnotations.TestClass2" tests="5" failures="0" timestamp="21 Jul 2019 06:26:54 GMT" time="0.016" errors="0">
  <testcase name="testcase1" time="0.006" classname="basicAnnotations.TestClass2"/>
  <testcase name="testcase1" time="0.002" classname="basicAnnotations.TestClass2"/>
  <testcase name="testcase3" time="0.002" classname="basicAnnotations.TestClass2"/>
  <testcase name="testcase2" time="0.003" classname="basicAnnotations.TestClass2"/>
  <testcase name="testcase3" time="0.003" classname="basicAnnotations.TestClass2"/>
</testsuite> <!-- basicAnnotations.TestClass2 -->
