<?xml version="1.0" encoding="UTF-8"?>
<!-- Generated by org.testng.reporters.JUnitReportReporter -->
<testsuite skipped="0" hostname="LAPTOP-NV1H2CAM" name="basicAnnotations.TestClass1" tests="6" failures="0" timestamp="21 Jul 2019 06:26:54 GMT" time="0.015" errors="0">
  <testcase name="testcase1" time="0.007" classname="basicAnnotations.TestClass1"/>
  <testcase name="testcase3" time="0.002" classname="basicAnnotations.TestClass1"/>
  <testcase name="testcase2" time="0.001" classname="basicAnnotations.TestClass1"/>
  <testcase name="testcase1" time="0.001" classname="basicAnnotations.TestClass1"/>
  <testcase name="testcase3" time="0.001" classname="basicAnnotations.TestClass1"/>
  <testcase name="testcase2" time="0.003" classname="basicAnnotations.TestClass1"/>
</testsuite> <!-- basicAnnotations.TestClass1 -->
