<?xml version="1.0" encoding="UTF-8"?>
<!-- Generated by org.testng.reporters.JUnitReportReporter -->
<testsuite skipped="0" hostname="LAPTOP-NV1H2CAM" name="logicTest.dataproviderconcept" tests="9" failures="0" timestamp="21 Jul 2019 07:15:06 GMT" time="0.024" errors="0">
  <testcase name="loginTest" time="0.002" classname="logicTest.dataproviderconcept"/>
  <testcase name="loginTest" time="0.002" classname="logicTest.dataproviderconcept"/>
  <testcase name="loginTest" time="0.003" classname="logicTest.dataproviderconcept"/>
  <testcase name="loginTest" time="0.002" classname="logicTest.dataproviderconcept"/>
  <testcase name="loginTest" time="0.010" classname="logicTest.dataproviderconcept"/>
  <testcase name="loginTest" time="0.002" classname="logicTest.dataproviderconcept"/>
  <testcase name="loginTest" time="0.002" classname="logicTest.dataproviderconcept"/>
  <testcase name="loginTest" time="0.001" classname="logicTest.dataproviderconcept"/>
  <testcase name="loginTest" time="0.000" classname="logicTest.dataproviderconcept"/>
</testsuite> <!-- logicTest.dataproviderconcept -->
