<?xml version="1.0" encoding="UTF-8"?>
<!-- Generated by org.testng.reporters.JUnitReportReporter -->
<testsuite skipped="0" hostname="LAPTOP-NV1H2CAM" name="testScripts.TestScript2" tests="2" failures="0" timestamp="28 Jul 2019 06:33:05 GMT" time="23.991" errors="0">
  <testcase name="onewayFlightBooking" time="12.093" classname="testScripts.TestScript2"/>
  <testcase name="onewayFlightBooking" time="11.898" classname="testScripts.TestScript2"/>
</testsuite> <!-- testScripts.TestScript2 -->
