<?xml version="1.0" encoding="UTF-8"?>
<!-- Generated by org.testng.reporters.JUnitReportReporter -->
<testsuite skipped="0" hostname="LAPTOP-NV1H2CAM" name="SamplePackage.TestClass1" tests="1" failures="0" timestamp="27 Jul 2019 09:13:10 GMT" time="0.018" errors="0">
  <testcase name="test1" time="0.018" classname="SamplePackage.TestClass1"/>
</testsuite> <!-- SamplePackage.TestClass1 -->
